c:\users\sergi\desktop\entorn vgi-adaptat\entornvgi\x64\debug\vc143.pdb
c:\users\sergi\desktop\entorn vgi-adaptat\entornvgi\x64\debug\vc143.idb
c:\users\sergi\desktop\entorn vgi-adaptat\entornvgi\x64\debug\game.obj
c:\users\sergi\desktop\entorn vgi-adaptat\entornvgi\x64\debug\visualitzacio.obj
c:\users\sergi\desktop\entorn vgi-adaptat\entornvgi\x64\debug\shader.obj
c:\users\sergi\desktop\entorn vgi-adaptat\entornvgi\x64\debug\objloader.obj
c:\users\sergi\desktop\entorn vgi-adaptat\entornvgi\x64\debug\material.obj
c:\users\sergi\desktop\entorn vgi-adaptat\entornvgi\x64\debug\main.obj
c:\users\sergi\desktop\entorn vgi-adaptat\entornvgi\x64\debug\glut_geometry.obj
c:\users\sergi\desktop\entorn vgi-adaptat\entornvgi\x64\debug\escena.obj
c:\users\sergi\desktop\entorn vgi-adaptat\entornvgi\x64\debug\imgui_widgets.obj
c:\users\sergi\desktop\entorn vgi-adaptat\entornvgi\x64\debug\imgui_tables.obj
c:\users\sergi\desktop\entorn vgi-adaptat\entornvgi\x64\debug\imgui_impl_opengl3.obj
c:\users\sergi\desktop\entorn vgi-adaptat\entornvgi\x64\debug\imgui_impl_glfw.obj
c:\users\sergi\desktop\entorn vgi-adaptat\entornvgi\x64\debug\imgui_draw.obj
c:\users\sergi\desktop\entorn vgi-adaptat\entornvgi\x64\debug\imgui_demo.obj
c:\users\sergi\desktop\entorn vgi-adaptat\entornvgi\x64\debug\imgui.obj
c:\users\sergi\desktop\entorn vgi-adaptat\x64\debug\entornvgi.lib
c:\users\sergi\desktop\entorn vgi-adaptat\x64\debug\entornvgi.exp
c:\users\sergi\desktop\entorn vgi-adaptat\x64\debug\entornvgi.exe
c:\users\sergi\desktop\entorn vgi-adaptat\entornvgi\x64\debug\entornvgi.ilk
c:\users\sergi\desktop\entorn vgi-adaptat\x64\debug\entornvgi.pdb
c:\users\sergi\desktop\entorn vgi-adaptat\entornvgi\x64\debug\entornvgi.tlog\cl.command.1.tlog
c:\users\sergi\desktop\entorn vgi-adaptat\entornvgi\x64\debug\entornvgi.tlog\cl.items.tlog
c:\users\sergi\desktop\entorn vgi-adaptat\entornvgi\x64\debug\entornvgi.tlog\cl.read.1.tlog
c:\users\sergi\desktop\entorn vgi-adaptat\entornvgi\x64\debug\entornvgi.tlog\cl.write.1.tlog
c:\users\sergi\desktop\entorn vgi-adaptat\entornvgi\x64\debug\entornvgi.tlog\link.command.1.tlog
c:\users\sergi\desktop\entorn vgi-adaptat\entornvgi\x64\debug\entornvgi.tlog\link.read.1.tlog
c:\users\sergi\desktop\entorn vgi-adaptat\entornvgi\x64\debug\entornvgi.tlog\link.write.1.tlog
c:\users\sergi\desktop\entorn vgi-adaptat\entornvgi\x64\debug\entornvgi.tlog\link.write.2u.tlog
